  functions.cpp
C:\Users\Remote Past\source\repos\towers of hanoii\functions.cpp(83): warning C4244: аргумент: преобразование "T" в "T", возможна потеря данных
          with
          [
              T=int
          ]
          and
          [
              T=float
          ]
C:\Users\Remote Past\source\repos\towers of hanoii\functions.cpp(94): warning C4244: аргумент: преобразование "T" в "T", возможна потеря данных
          with
          [
              T=int
          ]
          and
          [
              T=float
          ]
C:\Users\Remote Past\source\repos\towers of hanoii\functions.cpp(150): warning C4244: аргумент: преобразование "T" в "T", возможна потеря данных
          with
          [
              T=int
          ]
          and
          [
              T=float
          ]
C:\Users\Remote Past\source\repos\towers of hanoii\functions.cpp(155): warning C4244: аргумент: преобразование "T" в "T", возможна потеря данных
          with
          [
              T=int
          ]
          and
          [
              T=float
          ]
C:\Users\Remote Past\source\repos\towers of hanoii\functions.cpp(160): warning C4244: аргумент: преобразование "T" в "T", возможна потеря данных
          with
          [
              T=int
          ]
          and
          [
              T=float
          ]
C:\Users\Remote Past\source\repos\towers of hanoii\functions.cpp(234): warning C4244: аргумент: преобразование "T" в "T", возможна потеря данных
          with
          [
              T=int
          ]
          and
          [
              T=float
          ]
C:\Users\Remote Past\source\repos\towers of hanoii\functions.cpp(239): warning C4244: аргумент: преобразование "T" в "T", возможна потеря данных
          with
          [
              T=int
          ]
          and
          [
              T=float
          ]
C:\Users\Remote Past\source\repos\towers of hanoii\functions.cpp(244): warning C4244: аргумент: преобразование "T" в "T", возможна потеря данных
          with
          [
              T=int
          ]
          and
          [
              T=float
          ]
C:\Users\Remote Past\source\repos\towers of hanoii\functions.cpp(249): warning C4244: аргумент: преобразование "T" в "T", возможна потеря данных
          with
          [
              T=int
          ]
          and
          [
              T=float
          ]
C:\Users\Remote Past\source\repos\towers of hanoii\functions.cpp(254): warning C4244: аргумент: преобразование "T" в "T", возможна потеря данных
          with
          [
              T=int
          ]
          and
          [
              T=float
          ]
C:\Users\Remote Past\source\repos\towers of hanoii\functions.cpp(367): warning C4244: аргумент: преобразование "T" в "T", возможна потеря данных
          with
          [
              T=int
          ]
          and
          [
              T=float
          ]
C:\Users\Remote Past\source\repos\towers of hanoii\functions.cpp(376): warning C4244: аргумент: преобразование "T" в "T", возможна потеря данных
          with
          [
              T=int
          ]
          and
          [
              T=float
          ]
C:\Users\Remote Past\source\repos\towers of hanoii\functions.cpp(397): warning C4244: аргумент: преобразование "T" в "T", возможна потеря данных
          with
          [
              T=int
          ]
          and
          [
              T=float
          ]
C:\Users\Remote Past\source\repos\towers of hanoii\functions.cpp(419): warning C4244: аргумент: преобразование "T" в "T", возможна потеря данных
          with
          [
              T=int
          ]
          and
          [
              T=float
          ]
C:\Users\Remote Past\source\repos\towers of hanoii\functions.cpp(440): warning C4244: аргумент: преобразование "T" в "T", возможна потеря данных
          with
          [
              T=int
          ]
          and
          [
              T=float
          ]
C:\Users\Remote Past\source\repos\towers of hanoii\functions.cpp(461): warning C4244: аргумент: преобразование "T" в "T", возможна потеря данных
          with
          [
              T=int
          ]
          and
          [
              T=float
          ]
C:\Users\Remote Past\source\repos\towers of hanoii\functions.cpp(482): warning C4244: аргумент: преобразование "T" в "T", возможна потеря данных
          with
          [
              T=int
          ]
          and
          [
              T=float
          ]
C:\Users\Remote Past\source\repos\towers of hanoii\functions.cpp(503): warning C4244: аргумент: преобразование "T" в "T", возможна потеря данных
          with
          [
              T=int
          ]
          and
          [
              T=float
          ]
C:\Users\Remote Past\source\repos\towers of hanoii\functions.cpp(505): warning C4244: аргумент: преобразование "T" в "T", возможна потеря данных
          with
          [
              T=int
          ]
          and
          [
              T=float
          ]
C:\Users\Remote Past\source\repos\towers of hanoii\functions.cpp(507): warning C4244: аргумент: преобразование "T" в "T", возможна потеря данных
          with
          [
              T=int
          ]
          and
          [
              T=float
          ]
C:\Users\Remote Past\source\repos\towers of hanoii\functions.cpp(509): warning C4244: аргумент: преобразование "T" в "T", возможна потеря данных
          with
          [
              T=int
          ]
          and
          [
              T=float
          ]
C:\Users\Remote Past\source\repos\towers of hanoii\functions.cpp(511): warning C4244: аргумент: преобразование "T" в "T", возможна потеря данных
          with
          [
              T=int
          ]
          and
          [
              T=float
          ]
C:\Users\Remote Past\source\repos\towers of hanoii\functions.cpp(513): warning C4244: аргумент: преобразование "T" в "T", возможна потеря данных
          with
          [
              T=int
          ]
          and
          [
              T=float
          ]
C:\Users\Remote Past\source\repos\towers of hanoii\functions.cpp(524): warning C4244: аргумент: преобразование "T" в "T", возможна потеря данных
          with
          [
              T=int
          ]
          and
          [
              T=float
          ]
C:\Users\Remote Past\source\repos\towers of hanoii\functions.cpp(681): warning C4244: аргумент: преобразование "T" в "T", возможна потеря данных
          with
          [
              T=int
          ]
          and
          [
              T=float
          ]
  Создание кода
C:\Users\Remote Past\source\repos\towers of hanoii\functions.cpp(642): warning C4715: game_loop: значение возвращается не при всех путях выполнения
  1 of 209 functions ( 0.5%) were compiled, the rest were copied from previous compilation.
    0 functions were new in current compilation
    1 functions had inline decision re-evaluated but remain unchanged
  Создание кода завершено
  towers of hanoii.vcxproj -> C:\Users\Remote Past\source\repos\towers of hanoii\Release\towers of hanoii.exe
